2023-09-18 10:43:33,489 - DEBUG - 获取集群列表成功: 
 Request URL: http://localhost:8200/ajax/api/v1/cluster/tidbs/page 
 Request Method: POST
2023-09-18 10:43:33,505 - DEBUG - 获取集群 top 信息成功: 
 Request URL: http://localhost:8200/ajax/api/v1/cluster/tidbs/tops 
 Request Method: GET
2023-09-18 10:43:33,516 - DEBUG - 获取集群 top 告警信息成功: 
 Request URL: http://localhost:8200/ajax/api/v1/observe/alert/event/top/3/cluster 
 Request Method: GET
2023-09-18 10:43:33,529 - DEBUG - 获取集群性能概览成功: 
 Request URL: http://localhost:8200/ajax/api/v1/dms/tidbs/tidb-f91e1f860d360502/query/load 
 Request Method: GET
2023-09-18 10:43:33,542 - DEBUG - 获取集群告警概览成功: 
 Request URL: http://localhost:8200/ajax/api/v1/observe/alert/event/cluster/summary 
 Request Method: POST
2023-09-18 10:43:33,555 - DEBUG - 获取集群监控指标信息成功: 
 Request URL: http://localhost:8200/ajax/api/v1/cluster/metrics/query 
 Request Method: POST
2023-09-18 10:43:35,783 - DEBUG - 获取集群信息成功: 
 Request URL: http://localhost:8200/ajax/api/v1/cluster/tidbs/tidb-c020f15067007531/detail 
 Request Method: GET
2023-09-18 10:43:35,796 - DEBUG - 获取集群实例信息成功: 
 Request URL: http://localhost:8200/ajax/api/v1/cluster/tidbs/tidb-c020f15067007531/instances 
 Request Method: GET
2023-09-18 10:43:35,807 - DEBUG - 获取集群告警概览成功: 
 Request URL: http://localhost:8200/ajax/api/v1/observe/alert/event/cluster/summary 
 Request Method: POST
2023-09-18 10:43:35,819 - DEBUG - 获取集群监控指标信息成功: 
 Request URL: http://localhost:8200/ajax/api/v1/cluster/metrics/query 
 Request Method: POST
2023-09-18 10:43:38,098 - DEBUG - 获取备份任务列表成功: 
 Request URL: http://localhost:8200/ajax/api/v1/dms/br/tasks?ClusterID=tidb-c020f15067007531&CurrentPage=1&PageSize=10&Type=4 
 Request Method: GET
2023-09-18 10:43:38,107 - DEBUG - 获取备份策略详情成功: 
 Request URL: http://localhost:8200/ajax/api/v1/dms/br/policy?ClusterID=tidb-c020f15067007531 
 Request Method: GET
2023-09-18 10:43:38,117 - DEBUG - 获取集群列表成功: 
 Request URL: http://localhost:8200/ajax/api/v1/cluster/tidbs/page 
 Request Method: POST
2023-09-18 10:54:54,225 - DEBUG - 获取集群列表成功: 
 Request URL: http://localhost:8200/ajax/api/v1/cluster/tidbs/page 
 Request Method: POST
2023-09-18 10:54:54,235 - DEBUG - 获取集群 top 信息成功: 
 Request URL: http://localhost:8200/ajax/api/v1/cluster/tidbs/tops 
 Request Method: GET
2023-09-18 10:54:54,242 - DEBUG - 获取集群 top 告警信息成功: 
 Request URL: http://localhost:8200/ajax/api/v1/observe/alert/event/top/3/cluster 
 Request Method: GET
2023-09-18 10:54:54,255 - DEBUG - 获取集群性能概览成功: 
 Request URL: http://localhost:8200/ajax/api/v1/dms/tidbs/tidb-f91e1f860d360502/query/load 
 Request Method: GET
2023-09-18 10:54:54,262 - DEBUG - 获取集群告警概览成功: 
 Request URL: http://localhost:8200/ajax/api/v1/observe/alert/event/cluster/summary 
 Request Method: POST
2023-09-18 10:54:54,271 - DEBUG - 获取集群监控指标信息成功: 
 Request URL: http://localhost:8200/ajax/api/v1/cluster/metrics/query 
 Request Method: POST
2023-09-18 10:54:56,473 - DEBUG - 获取集群信息成功: 
 Request URL: http://localhost:8200/ajax/api/v1/cluster/tidbs/tidb-c020f15067007531/detail 
 Request Method: GET
2023-09-18 10:54:56,487 - DEBUG - 获取集群实例信息成功: 
 Request URL: http://localhost:8200/ajax/api/v1/cluster/tidbs/tidb-c020f15067007531/instances 
 Request Method: GET
2023-09-18 10:54:56,501 - DEBUG - 获取集群告警概览成功: 
 Request URL: http://localhost:8200/ajax/api/v1/observe/alert/event/cluster/summary 
 Request Method: POST
2023-09-18 10:54:56,512 - DEBUG - 获取集群监控指标信息成功: 
 Request URL: http://localhost:8200/ajax/api/v1/cluster/metrics/query 
 Request Method: POST
2023-09-18 10:54:58,689 - DEBUG - 获取备份任务列表成功: 
 Request URL: http://localhost:8200/ajax/api/v1/dms/br/tasks?ClusterID=tidb-c020f15067007531&CurrentPage=1&PageSize=10&Type=4 
 Request Method: GET
2023-09-18 10:54:58,701 - DEBUG - 获取备份策略详情成功: 
 Request URL: http://localhost:8200/ajax/api/v1/dms/br/policy?ClusterID=tidb-c020f15067007531 
 Request Method: GET
2023-09-18 10:54:58,709 - DEBUG - 获取集群列表成功: 
 Request URL: http://localhost:8200/ajax/api/v1/cluster/tidbs/page 
 Request Method: POST
2023-09-18 10:55:16,141 - DEBUG - 集群恢复-测试成功: 
 Request URL: http://localhost:8200/ajax/api/v1/cluster/tidbs/undefined/detect 
 Request Method: POST
2023-09-18 10:55:18,274 - DEBUG - 恢复集群成功: 
 Request URL: http://localhost:8200/ajax/api/v1/dms/br/restore 
 Request Method: POST
2023-09-18 10:55:23,643 - DEBUG - 获取集群信息成功: 
 Request URL: http://localhost:8200/ajax/api/v1/cluster/tidbs/tidb-c020f15067007531/detail 
 Request Method: GET
2023-09-18 10:55:23,669 - DEBUG - 获取集群实例信息成功: 
 Request URL: http://localhost:8200/ajax/api/v1/cluster/tidbs/tidb-c020f15067007531/instances 
 Request Method: GET
2023-09-18 10:55:23,695 - DEBUG - 获取主机配置成功: 
 Request URL: http://localhost:8200/ajax/api/v1/resource/option?ClusterID=tidb-c020f15067007531 
 Request Method: GET
2023-09-18 10:55:23,725 - DEBUG - 获取主机列表成功: 
 Request URL: http://localhost:8200/ajax/api/v1/resource/host?Status=Online&Stat=LoadLess&Arch=aarch64 
 Request Method: GET
2023-09-18 10:55:30,069 - DEBUG - 获取元数据成功: 
 Request URL: http://localhost:8200/ajax/api/v1/dms/sqleditor/clusters/tidb-c020f15067007531/meta 
 Request Method: GET
2023-09-18 10:55:30,100 - DEBUG - 获取SQL语句历史成功: 
 Request URL: http://localhost:8200/ajax/api/v1/dms/sqleditor/statements?clusterID=tidb-c020f15067007531&userID=selenium_test1 
 Request Method: GET
2023-09-18 10:55:50,124 - DEBUG - 获取集群列表成功: 
 Request URL: http://localhost:8200/ajax/api/v1/cluster/tidbs/page 
 Request Method: POST
2023-09-18 10:55:50,134 - DEBUG - 获取集群 top 信息成功: 
 Request URL: http://localhost:8200/ajax/api/v1/cluster/tidbs/tops 
 Request Method: GET
2023-09-18 10:55:50,142 - DEBUG - 获取集群 top 告警信息成功: 
 Request URL: http://localhost:8200/ajax/api/v1/observe/alert/event/top/3/cluster 
 Request Method: GET
2023-09-18 10:55:50,155 - DEBUG - 获取集群性能概览成功: 
 Request URL: http://localhost:8200/ajax/api/v1/dms/tidbs/tidb-80cd41af4613f925/query/load 
 Request Method: GET
2023-09-18 10:55:50,165 - DEBUG - 获取集群告警概览成功: 
 Request URL: http://localhost:8200/ajax/api/v1/observe/alert/event/cluster/summary 
 Request Method: POST
2023-09-18 10:55:50,172 - DEBUG - 获取集群监控指标信息成功: 
 Request URL: http://localhost:8200/ajax/api/v1/cluster/metrics/query 
 Request Method: POST
2023-09-18 10:55:52,385 - DEBUG - 获取集群信息成功: 
 Request URL: http://localhost:8200/ajax/api/v1/cluster/tidbs/tidb-c020f15067007531/detail 
 Request Method: GET
2023-09-18 10:55:52,395 - DEBUG - 获取集群实例信息成功: 
 Request URL: http://localhost:8200/ajax/api/v1/cluster/tidbs/tidb-c020f15067007531/instances 
 Request Method: GET
2023-09-18 10:55:52,406 - DEBUG - 获取集群告警概览成功: 
 Request URL: http://localhost:8200/ajax/api/v1/observe/alert/event/cluster/summary 
 Request Method: POST
2023-09-18 10:55:52,420 - DEBUG - 获取集群监控指标信息成功: 
 Request URL: http://localhost:8200/ajax/api/v1/cluster/metrics/query 
 Request Method: POST
2023-09-18 10:55:53,608 - DEBUG - 获取集群 top sql 列表成功: 
 Request URL: http://localhost:8200/ajax/api/v1/cluster/topsql/list 
 Request Method: POST
2023-09-18 10:55:55,702 - DEBUG - 获取集群慢查询列表成功: 
 Request URL: http://localhost:8200/ajax/api/v1/cluster/slowquery/lists 
 Request Method: POST
2023-09-18 10:56:15,122 - DEBUG - 创建集群诊断报告成功: 
 Request URL: http://localhost:8200/ajax/api/v1/cluster/diagnose/reports 
 Request Method: PUT
2023-09-18 10:56:17,178 - DEBUG - 获取集群诊断报告列表成功: 
 Request URL: http://localhost:8200/ajax/api/v1/cluster/diagnose/reports/40eb1113-d422-46df-80c4-28f1de8f249c/status 
 Request Method: POST
2023-09-18 11:03:33,993 - DEBUG - 获取集群列表成功: 
 Request URL: http://localhost:8200/ajax/api/v1/cluster/tidbs/page 
 Request Method: POST
2023-09-18 11:03:34,000 - DEBUG - 获取集群 top 信息成功: 
 Request URL: http://localhost:8200/ajax/api/v1/cluster/tidbs/tops 
 Request Method: GET
2023-09-18 11:03:34,006 - DEBUG - 获取集群 top 告警信息成功: 
 Request URL: http://localhost:8200/ajax/api/v1/observe/alert/event/top/3/cluster 
 Request Method: GET
2023-09-18 11:03:34,014 - DEBUG - 获取集群性能概览成功: 
 Request URL: http://localhost:8200/ajax/api/v1/dms/tidbs/tidb-80cd41af4613f925/query/load 
 Request Method: GET
2023-09-18 11:03:34,019 - DEBUG - 获取集群告警概览成功: 
 Request URL: http://localhost:8200/ajax/api/v1/observe/alert/event/cluster/summary 
 Request Method: POST
2023-09-18 11:03:34,028 - DEBUG - 获取集群监控指标信息成功: 
 Request URL: http://localhost:8200/ajax/api/v1/cluster/metrics/query 
 Request Method: POST
2023-09-18 11:03:36,240 - DEBUG - 获取集群信息成功: 
 Request URL: http://localhost:8200/ajax/api/v1/cluster/tidbs/tidb-c020f15067007531/detail 
 Request Method: GET
2023-09-18 11:03:36,253 - DEBUG - 获取集群实例信息成功: 
 Request URL: http://localhost:8200/ajax/api/v1/cluster/tidbs/tidb-c020f15067007531/instances 
 Request Method: GET
2023-09-18 11:03:36,267 - DEBUG - 获取集群告警概览成功: 
 Request URL: http://localhost:8200/ajax/api/v1/observe/alert/event/cluster/summary 
 Request Method: POST
2023-09-18 11:03:36,280 - DEBUG - 获取集群监控指标信息成功: 
 Request URL: http://localhost:8200/ajax/api/v1/cluster/metrics/query 
 Request Method: POST
2023-09-18 11:03:37,468 - DEBUG - 获取集群 top sql 列表成功: 
 Request URL: http://localhost:8200/ajax/api/v1/cluster/topsql/list 
 Request Method: POST
2023-09-18 11:03:39,570 - DEBUG - 获取集群慢查询列表成功: 
 Request URL: http://localhost:8200/ajax/api/v1/cluster/slowquery/lists 
 Request Method: POST
2023-09-18 11:03:59,527 - DEBUG - 创建集群诊断报告成功: 
 Request URL: http://localhost:8200/ajax/api/v1/cluster/diagnose/reports 
 Request Method: PUT
2023-09-18 11:04:01,585 - DEBUG - 获取集群诊断报告列表成功: 
 Request URL: http://localhost:8200/ajax/api/v1/cluster/diagnose/reports/6a98f428-fcc7-4dbd-902f-d5ebc865c364/status 
 Request Method: POST
2023-09-18 11:04:34,330 - DEBUG - 创建集群诊断报告成功: 
 Request URL: http://localhost:8200/ajax/api/v1/cluster/diagnose/reports 
 Request Method: PUT
2023-09-18 11:04:36,419 - DEBUG - 获取集群诊断报告列表成功: 
 Request URL: http://localhost:8200/ajax/api/v1/cluster/diagnose/reports/3e6032d6-bcee-4fd7-9940-455b3f87e659/status 
 Request Method: POST
